Loading CSV: student.csv
  N=100000  lookups=100000  erases=50000  order=32 (effective t=16)
Reps: 20 measured + 2 warmup

Measuring (reps=20, warmup=2)
  B-tree... done.
  B+-tree... done.
  B*-tree... done.

============= TIMING RAW DATA =============
tree      rep                insert ms         lookup ms          range ms          erase ms
B-tree    1                      5.895            10.840             0.376             8.542
B-tree    2                      5.246            13.379             0.366             5.410
B-tree    3                      6.495            11.410             0.511             5.862
B-tree    4                      5.431            11.123             0.350             5.352
B-tree    5                      6.700            10.216             0.563             6.936
B-tree    6                      5.347            14.085             0.478             6.834
B-tree    7                      6.442            15.123             0.879             6.802
B-tree    8                      5.157            13.528             0.490             7.655
B-tree    9                      5.453            10.878             0.386             5.943
B-tree    10                     5.561            11.111             0.487             5.840
B-tree    11                     5.354            12.165             0.494             5.420
B-tree    12                     5.716            14.085             0.508             5.889
B-tree    13                     6.734            10.382             0.374             7.524
B-tree    14                     5.682            10.607             0.422             7.829
B-tree    15                     5.669            11.029             0.368             5.315
B-tree    16                     5.278            10.945             0.393             5.481
B-tree    17                     5.673            13.399             0.523             8.566
B-tree    18                     5.228            11.017             0.374             5.190
B-tree    19                     5.402            12.541             0.463             5.469
B-tree    20                     6.130            11.682             0.452             5.898
B+-tree   1                      4.626            13.942             0.395             6.576
B+-tree   2                      4.682            11.369             0.417             5.201
B+-tree   3                      4.719            10.858             0.389             5.186
B+-tree   4                      5.373            12.087             0.622             5.209
B+-tree   5                      4.997            11.820             0.450             5.464
B+-tree   6                      5.922             9.386             0.353             6.056
B+-tree   7                      4.984            11.254             0.432             5.254
B+-tree   8                      5.782             9.867             0.354             5.492
B+-tree   9                      4.955            11.014             0.389             6.052
B+-tree   10                     4.905            11.028             0.339             5.169
B+-tree   11                     5.771            10.914             0.424             7.001
B+-tree   12                     4.622            10.685             0.426             5.321
B+-tree   13                     4.652            11.611             0.412             5.182
B+-tree   14                     5.181             9.592             0.352             5.643
B+-tree   15                     4.955            10.550             0.792             5.658
B+-tree   16                     4.534            11.523             0.322             5.185
B+-tree   17                     6.257            10.269             0.434             5.849
B+-tree   18                     5.531            10.886             0.408            12.194
B+-tree   19                     5.048            15.523             0.408            13.096
B+-tree   20                     4.611            17.386             0.366             7.083
B*-tree   1                      7.288             8.792             0.670             6.442
B*-tree   2                      6.753             9.317             0.322             5.564
B*-tree   3                      6.791             9.041             0.330             5.563
B*-tree   4                      9.178            11.869             0.320             7.202
B*-tree   5                      7.504             9.015             0.356             5.994
B*-tree   6                      7.547            11.302             0.635             5.454
B*-tree   7                      6.768             9.440             0.326             5.246
B*-tree   8                      7.132             9.318             0.387             5.164
B*-tree   9                      7.857            10.263             0.331             5.442
B*-tree   10                     8.091            11.502             0.364             5.168
B*-tree   11                     6.713             9.121             0.313             5.139
B*-tree   12                     7.345            10.774             0.370             5.329
B*-tree   13                     8.378             9.388             0.337             5.471
B*-tree   14                     7.504             8.753             0.358             5.110
B*-tree   15                     6.821             9.966             0.353             4.987
B*-tree   16                     7.213            10.609             0.471             5.048
B*-tree   17                     7.332             9.245             0.365             5.276
B*-tree   18                     7.384             8.905             0.328             5.905
B*-tree   19                     7.478            14.628             0.453             6.596
B*-tree   20                    11.108            10.780             0.358             6.111
Raw measurements written to ./result/sorted/raw_d32_sorted.csv
============= TIMING (median ± sd over 20 reps) =============
tree               insert ms         lookup ms          range ms          erase ms            height              fill
----------------------------------------------------------------------------------
B-tree         5.615 ± 0.51    11.266 ± 1.46     0.457 ± 0.12     5.893 ± 1.11                 3/3             0.484/0.605
B+-tree        4.970 ± 0.50    11.021 ± 1.96     0.408 ± 0.11     5.568 ± 2.22                 3/3             0.514/0.598
B*-tree        7.364 ± 1.02     9.414 ± 1.44     0.357 ± 0.10     5.448 ± 0.59                 3/3             0.645/0.61

============= INTEGRITY =============
tree         valid   periodic  survivors    deleted     ranges  verdict
------------------------------------------------------------------------------
B-tree         yes          0  50000/0/0  50000/0  125/0   PASS
B+-tree        yes          0  50000/0/0  50000/0  125/0   PASS
B*-tree        yes          0  50000/0/0  50000/0  125/0   PASS

Legend: survivors = (checked / missing / wrong-value); deleted = (checked / still-found); ranges = (run / mismatched)
periodic = number of check() failures during the erase phase
============= SPLIT/REDISTRIBUTES =============
tree                   SPLIT     REDISTRIBUTES
B-tree                  6661                 0
B+-tree                 6661                 0
B*-tree                 4994             14980

Cross-check (all trees agree): OK
