Loading CSV: student.csv
  N=100000  lookups=100000  erases=50000  order=64 (effective t=32)
Reps: 20 measured + 2 warmup

Measuring (reps=20, warmup=2)
  B-tree... done.
  B+-tree... done.
  B*-tree... done.

============= TIMING RAW DATA =============
tree      rep                insert ms         lookup ms          range ms          erase ms
B-tree    1                      6.805            10.867             0.332             8.329
B-tree    2                      6.730            12.153             0.378             4.574
B-tree    3                      6.513            13.566             0.395             4.543
B-tree    4                      7.099            11.757             0.532             6.488
B-tree    5                      6.813            14.655             0.396             4.855
B-tree    6                      6.548            16.261             0.485             5.467
B-tree    7                      8.327             9.964             0.406             7.724
B-tree    8                      6.627            10.460             0.370             4.626
B-tree    9                      7.203             9.849             0.416             5.859
B-tree    10                     6.188            14.228             0.415             4.646
B-tree    11                     6.961             9.255             0.362             5.010
B-tree    12                     6.303            10.845             0.375             4.808
B-tree    13                     6.362            11.110             0.737             5.772
B-tree    14                     6.351            14.128             0.407             4.498
B-tree    15                     6.954            10.264             0.489             5.668
B-tree    16                     6.533             9.926             0.374             4.548
B-tree    17                     6.701            11.102             0.482             5.120
B-tree    18                     6.438            11.759             0.723             4.677
B-tree    19                     6.859             9.995             0.357             4.538
B-tree    20                     6.644            12.178             0.381             5.269
B+-tree   1                      6.353             8.737             0.315             5.497
B+-tree   2                      6.521            11.322             0.369             5.517
B+-tree   3                      5.991            10.840             0.359             4.774
B+-tree   4                      5.958             9.233             0.332             5.668
B+-tree   5                      7.472            10.634             0.359             4.416
B+-tree   6                      6.029            11.529             0.406             4.327
B+-tree   7                      6.030            12.498             0.365             5.719
B+-tree   8                      6.532            10.960             0.355             4.588
B+-tree   9                      5.960            10.189             0.380             6.687
B+-tree   10                     5.672            10.818             0.376             4.212
B+-tree   11                     6.721            11.351             0.349             4.677
B+-tree   12                     7.001            10.459             0.378             4.763
B+-tree   13                     5.705            10.365             0.456             4.219
B+-tree   14                     6.476            10.594             0.451             4.718
B+-tree   15                     7.046            10.681             0.480             5.187
B+-tree   16                     5.771            13.207             0.601             4.257
B+-tree   17                     8.152            21.748             0.864             5.699
B+-tree   18                     7.147            25.571             0.426             4.548
B+-tree   19                     5.919            18.497             0.541             6.270
B+-tree   20                     6.201            17.378             0.455             4.423
B*-tree   1                      9.380            11.384             0.455             5.573
B*-tree   2                      9.160            13.465             0.344             4.857
B*-tree   3                     11.149            11.171             0.368             5.029
B*-tree   4                      8.498            13.388             0.364             5.866
B*-tree   5                     10.860            10.741             0.366             6.202
B*-tree   6                      8.269            11.972             0.430             4.311
B*-tree   7                      8.415            11.670             0.324             4.430
B*-tree   8                     11.096            11.875             0.368             5.578
B*-tree   9                      8.825            10.629             0.368             4.393
B*-tree   10                     8.672            12.354             0.346             4.524
B*-tree   11                     9.644            10.583             0.375             5.932
B*-tree   12                     8.696            11.303             0.312             4.316
B*-tree   13                     9.983            12.812             0.336             5.028
B*-tree   14                     8.750            10.680             0.318             4.340
B*-tree   15                     9.035            12.727             0.353             4.238
B*-tree   16                     9.624            10.818             0.402             6.787
B*-tree   17                     8.681            11.007             0.325             4.397
B*-tree   18                     8.899            10.775             0.308             5.900
B*-tree   19                     9.187            10.958             0.305             4.829
B*-tree   20                     9.223            12.097             0.733             4.810
Raw measurements written to ./result/sorted/raw_d64_sorted.csv
============= TIMING (median ± sd over 20 reps) =============
tree               insert ms         lookup ms          range ms          erase ms            height              fill
----------------------------------------------------------------------------------
B-tree         6.673 ± 0.46    11.106 ± 1.92     0.401 ± 0.11     4.933 ± 1.07                 3/2             0.492/0.622
B+-tree        6.277 ± 0.66    10.900 ± 4.44     0.379 ± 0.12     4.741 ± 0.73                 3/2             0.508/0.611
B*-tree        9.097 ± 0.86    11.343 ± 0.93     0.359 ± 0.09     4.843 ± 0.76                 2/2             0.667/0.605

============= INTEGRITY =============
tree         valid   periodic  survivors    deleted     ranges  verdict
------------------------------------------------------------------------------
B-tree         yes          0  50000/0/0  50000/0  125/0   PASS
B+-tree        yes          0  50000/0/0  50000/0  125/0   PASS
B*-tree        yes          0  50000/0/0  50000/0  125/0   PASS

Legend: survivors = (checked / missing / wrong-value); deleted = (checked / still-found); ranges = (run / mismatched)
periodic = number of check() failures during the erase phase
============= SPLIT/REDISTRIBUTES =============
tree                   SPLIT     REDISTRIBUTES
B-tree                  3222                 0
B+-tree                 3222                 0
B*-tree                 2377              9503

Cross-check (all trees agree): OK
