Loading CSV: student.csv
  N=100000  lookups=100000  erases=50000  order=16 (effective t=8)
Reps: 20 measured + 2 warmup

Measuring (reps=20, warmup=2)
  B-tree... done.
  B+-tree... done.
  B*-tree... done.

============= TIMING RAW DATA =============
tree      rep                insert ms         lookup ms          range ms          erase ms
B-tree    1                     11.939            16.471             0.664            11.235
B-tree    2                      9.022            13.245             0.597             8.426
B-tree    3                      6.505            17.195             0.563             8.755
B-tree    4                      7.808            18.018             0.668             7.567
B-tree    5                     10.988            15.311             0.566             8.689
B-tree    6                      8.231            15.579             0.595            12.271
B-tree    7                      8.490            14.122             1.738            10.710
B-tree    8                      8.002            14.808             0.526             8.479
B-tree    9                     10.391            14.312             0.604             7.265
B-tree    10                    11.314            16.514             0.865             7.979
B-tree    11                     7.123            12.686             0.525             8.164
B-tree    12                     8.631            13.999             0.541             8.542
B-tree    13                    10.777            15.110             0.812             8.703
B-tree    14                    10.402            14.443             0.614             6.947
B-tree    15                     7.368            16.360             0.534             6.930
B-tree    16                     8.501            19.098             0.722             9.346
B-tree    17                     7.331            13.002             2.021             7.472
B-tree    18                     9.930            17.640             0.656             7.485
B-tree    19                     7.196            17.419             0.623            11.648
B-tree    20                     8.193            18.593             0.644             7.609
B+-tree   1                      9.666            19.283             0.553            11.787
B+-tree   2                      7.150            17.066             1.030             9.072
B+-tree   3                      6.286            17.888             0.599             7.576
B+-tree   4                      8.221            17.693             0.664            10.168
B+-tree   5                      7.967            18.766             0.607             9.525
B+-tree   6                      7.346            15.820             0.728             8.190
B+-tree   7                      6.559            15.820             0.644             9.257
B+-tree   8                      7.181            19.490             1.582             9.419
B+-tree   9                      8.398            18.722             0.857            10.281
B+-tree   10                     7.140            18.043             0.571             8.160
B+-tree   11                     6.427            17.618             0.804             8.669
B+-tree   12                     9.000            16.874             0.822             7.462
B+-tree   13                     8.655            15.198             0.511             7.741
B+-tree   14                     8.570            17.064             1.443             8.754
B+-tree   15                     7.182            21.494             1.038             8.514
B+-tree   16                     7.598            17.959             0.836            11.222
B+-tree   17                     6.882            23.349             0.779             7.789
B+-tree   18                     7.962            18.313             0.680             7.555
B+-tree   19                     8.167            17.837             0.765             9.066
B+-tree   20                     7.636            18.881             0.516            12.001
B*-tree   1                      8.155            16.373             0.904            10.790
B*-tree   2                      9.579            15.209             0.639             9.374
B*-tree   3                      8.303            16.657             0.660            11.073
B*-tree   4                     10.044            15.935             0.820             8.098
B*-tree   5                     10.133            15.252             0.554            12.887
B*-tree   6                      8.781            32.391             0.896            30.858
B*-tree   7                      8.687            15.239             0.851            10.163
B*-tree   8                      8.776            15.249             0.719            20.242
B*-tree   9                     16.233            26.008             0.887            12.894
B*-tree   10                     8.216            17.352             0.582             8.431
B*-tree   11                     8.686            15.186             0.629             9.382
B*-tree   12                     8.284            16.981             2.128             9.298
B*-tree   13                     7.327            13.193             0.554             8.691
B*-tree   14                     7.864            15.285             0.917             8.344
B*-tree   15                     9.682            13.853             1.051             9.515
B*-tree   16                    10.440            16.164             0.822             8.598
B*-tree   17                     9.550            19.517             0.842             8.595
B*-tree   18                     8.359            13.980             0.687             8.953
B*-tree   19                     8.675            13.729             0.653             9.142
B*-tree   20                     9.548            15.301             0.632             9.215
Raw measurements written to ./result/sorted/raw_d16_sorted.csv
============= TIMING (median ± sd over 20 reps) =============
tree               insert ms         lookup ms          range ms          erase ms            height              fill
----------------------------------------------------------------------------------
B-tree         8.495 ± 1.60    15.445 ± 1.90     0.618 ± 0.40     8.452 ± 1.57                 5/4             0.467/0.587
B+-tree        7.617 ± 0.90    17.923 ± 1.88     0.747 ± 0.29     8.910 ± 1.38                 5/4             0.525/0.564
B*-tree        8.731 ± 1.83    15.293 ± 4.55     0.769 ± 0.34     9.336 ± 5.36                 4/4             0.667/0.586

============= INTEGRITY =============
tree         valid   periodic  survivors    deleted     ranges  verdict
------------------------------------------------------------------------------
B-tree         yes          0  50000/0/0  50000/0  125/0   PASS
B+-tree        yes          0  50000/0/0  50000/0  125/0   PASS
B*-tree        yes          0  50000/0/0  50000/0  125/0   PASS

Legend: survivors = (checked / missing / wrong-value); deleted = (checked / still-found); ranges = (run / mismatched)
periodic = number of check() failures during the erase phase
============= SPLIT/REDISTRIBUTES =============
tree                   SPLIT     REDISTRIBUTES
B-tree                 14279                 0
B+-tree                14279                 0
B*-tree                 9995             19987

Cross-check (all trees agree): OK
