Loading CSV: student.csv
  N=100000  lookups=100000  erases=50000  order=256 (effective t=128)
Reps: 10 measured + 2 warmup

Measuring (reps=10, warmup=2)
  B-tree... done.
  B+-tree... done.
  B*-tree... done.

============= TIMING RAW DATA =============
tree      rep                insert ms         lookup ms          range ms          erase ms
B-tree    1                     34.156            14.672             0.438            34.170
B-tree    2                     33.657            15.440             0.468            30.917
B-tree    3                     33.801            15.814             0.471            30.796
B-tree    4                     33.389            14.888             0.491            28.707
B-tree    5                     32.722            14.032             0.457            28.219
B-tree    6                     32.390            14.234             0.434            29.299
B-tree    7                     34.272            14.825             0.448            29.207
B-tree    8                     32.590            14.330             0.454            32.018
B-tree    9                     32.260            14.021             0.480            30.379
B-tree    10                    33.193            14.728             0.452            28.361
B+-tree   1                     45.540            13.694             0.411            30.072
B+-tree   2                     31.089            13.581             0.408            27.470
B+-tree   3                     37.623            13.741             0.409            27.838
B+-tree   4                     31.783            13.733             0.395            28.120
B+-tree   5                     36.921            13.908             0.412            28.550
B+-tree   6                     35.193            15.855             0.425            29.212
B+-tree   7                     37.833            15.311             0.460            32.635
B+-tree   8                     34.620            14.200             0.418            28.351
B+-tree   9                     34.990            14.000             0.406            35.325
B+-tree   10                    32.644            13.752             0.408            27.405
B*-tree   1                    132.357            16.366             0.452            26.083
B*-tree   2                    131.994            16.863             0.457            26.860
B*-tree   3                    131.633            16.999             0.457            23.803
B*-tree   4                    120.642            16.604             0.445            23.787
B*-tree   5                    120.429            20.885             0.491            23.918
B*-tree   6                    123.169            17.500             0.448            27.411
B*-tree   7                    122.196            17.070             0.469            23.755
B*-tree   8                    121.980            17.981             0.464            23.610
B*-tree   9                    117.479            22.494             0.576            24.840
B*-tree   10                   113.583            17.137             0.467            23.626
Raw measurements written to ./result/sorted/raw_d256_sorted.csv
============= TIMING (median ± sd over 10 reps) =============
tree               insert ms         lookup ms          range ms          erase ms            height              fill
----------------------------------------------------------------------------------
B-tree        33.291 ± 0.73    14.700 ± 0.59     0.456 ± 0.02    29.839 ± 1.86                 2/2             0.498/0.619
B+-tree       35.091 ± 4.14    13.830 ± 0.77     0.410 ± 0.02    28.451 ± 2.57                 2/2             0.502/0.624
B*-tree      122.088 ± 6.44    17.104 ± 2.04     0.461 ± 0.04    23.861 ± 1.47                 2/2             0.668/0.622

============= INTEGRITY =============
tree         valid   periodic  survivors    deleted     ranges  verdict
------------------------------------------------------------------------------
B-tree         yes          0  50000/0/0  50000/0  125/0   PASS
B+-tree        yes          0  50000/0/0  50000/0  125/0   PASS
B*-tree        yes          0  50000/0/0  50000/0  125/0   PASS

Legend: survivors = (checked / missing / wrong-value); deleted = (checked / still-found); ranges = (run / mismatched)
periodic = number of check() failures during the erase phase

Cross-check (all trees agree): OK
