Loading CSV: student.csv
  N=100000  lookups=100000  erases=50000  order=8 (effective t=4)
Reps: 20 measured + 2 warmup

Measuring (reps=20, warmup=2)
  B-tree... done.
  B+-tree... done.
  B*-tree... done.

============= TIMING RAW DATA =============
tree      rep                insert ms         lookup ms          range ms          erase ms
B-tree    1                      5.658            18.880             0.812            17.158
B-tree    2                      6.561            20.986             0.690            12.595
B-tree    3                      4.803            17.953             0.783            14.372
B-tree    4                      5.200            19.012             0.881            13.496
B-tree    5                      5.539            16.474             0.740            13.164
B-tree    6                      7.902            17.524             0.948            15.138
B-tree    7                      6.227            19.087             0.765            17.793
B-tree    8                      4.750            20.133             0.662            13.424
B-tree    9                      7.365            17.201             0.966            21.754
B-tree    10                     6.857            21.928             1.133            26.289
B-tree    11                     8.954            38.518             1.021            34.231
B-tree    12                    15.468            43.828             5.251            25.969
B-tree    13                     5.614            24.934             2.252            21.715
B-tree    14                     6.247            27.374             0.988            15.222
B-tree    15                     6.680            25.963             0.880            31.842
B-tree    16                     5.734            31.818             0.840            31.321
B-tree    17                     6.990            24.419             1.275            16.649
B-tree    18                     5.700            28.840             0.917            22.176
B-tree    19                    13.906            27.246             1.580            28.682
B-tree    20                     9.016            33.323             0.832            24.961
B+-tree   1                      9.597            37.982             1.485            47.720
B+-tree   2                     19.304            88.074             1.526            49.247
B+-tree   3                     24.003           121.000             1.747            62.715
B+-tree   4                     31.793           111.849             1.823            36.805
B+-tree   5                     11.441            61.659             1.399            35.526
B+-tree   6                     19.894            93.124             4.481            48.470
B+-tree   7                     22.050            74.090             1.939            40.531
B+-tree   8                     23.397            84.596             4.152            53.055
B+-tree   9                     43.755            91.234             3.479            46.394
B+-tree   10                    20.943            71.676             3.327            31.188
B+-tree   11                    19.948            61.126             1.234            36.057
B+-tree   12                    20.656            69.348            14.416            46.735
B+-tree   13                    45.355            95.162             1.019            41.293
B+-tree   14                    22.573            81.561             2.847            36.545
B+-tree   15                    16.021            53.406             2.151            32.641
B+-tree   16                    10.465            74.316             1.372            69.496
B+-tree   17                    31.374           114.758             1.834            78.674
B+-tree   18                    35.698            80.175             1.761            32.783
B+-tree   19                    19.261            69.548             2.854            23.417
B+-tree   20                    18.200            67.658             1.186            22.241
B*-tree   1                     28.835            27.942             1.121            31.683
B*-tree   2                     36.228            41.025             1.144            33.223
B*-tree   3                     20.257            23.785             1.323            31.103
B*-tree   4                     21.199            47.104             5.129            24.528
B*-tree   5                     22.618            64.729             1.951            52.276
B*-tree   6                     25.230            58.905             2.797            26.740
B*-tree   7                     25.979            54.361             1.228            35.013
B*-tree   8                     21.943            48.260             1.808            25.487
B*-tree   9                     20.038            41.039             3.695            27.640
B*-tree   10                    25.441            40.022             6.541            39.903
B*-tree   11                    33.462            70.443             1.416            36.577
B*-tree   12                    22.658            36.880             5.610            34.807
B*-tree   13                    26.151            56.801             1.431            64.076
B*-tree   14                    37.070           102.264            11.925            60.515
B*-tree   15                    19.817            34.968             1.759            21.749
B*-tree   16                    19.226            34.822             1.462            21.943
B*-tree   17                    14.034            30.530             1.495            35.925
B*-tree   18                    17.195            29.368             2.398            19.832
B*-tree   19                    20.528            53.118             1.488            35.501
B*-tree   20                    25.905            46.832             1.539            37.768
Raw measurements written to ./result/reversed/raw_d8_reversed.csv
============= TIMING (median ± sd over 20 reps) =============
tree               insert ms         lookup ms          range ms          erase ms            height              fill
----------------------------------------------------------------------------------
B-tree         6.404 ± 2.82    23.174 ± 7.52     0.899 ± 1.02    19.754 ± 7.00                 7/6             0.429/0.553
B+-tree       20.799 ± 9.84   77.246 ± 20.77     1.828 ± 2.91   40.912 ± 14.39                 8/6             0.429/0.514
B*-tree       22.638 ± 6.03   43.936 ± 18.13     1.649 ± 2.67   34.015 ± 12.05                 6/6             0.572/0.552

============= INTEGRITY =============
tree         valid   periodic  survivors    deleted     ranges  verdict
------------------------------------------------------------------------------
B-tree         yes          0  50000/0/0  50000/0  125/0   PASS
B+-tree        yes          0  50000/0/0  50000/0  125/0   PASS
B*-tree        yes          0  50000/0/0  50000/0  125/0   PASS

Legend: survivors = (checked / missing / wrong-value); deleted = (checked / still-found); ranges = (run / mismatched)
periodic = number of check() failures during the erase phase
============= SPLIT/REDISTRIBUTES =============
tree                   SPLIT     REDISTRIBUTES
B-tree                 33321                 0
B+-tree                44432                 0
B*-tree                24988             49972

Cross-check (all trees agree): OK
