Loading CSV: student.csv
  N=100000  lookups=100000  erases=50000  order=512 (effective t=256)
Reps: 20 measured + 2 warmup

Measuring (reps=20, warmup=2)
  B-tree... done.
  B+-tree... done.
  B*-tree... done.

============= TIMING RAW DATA =============
tree      rep                insert ms         lookup ms          range ms          erase ms
B-tree    1                      3.259            16.810             0.315             8.663
B-tree    2                      3.291            16.144             0.298             7.025
B-tree    3                      2.865            17.551             0.316             7.227
B-tree    4                      3.063            15.843             0.333             7.475
B-tree    5                      4.432            16.317             0.340             7.630
B-tree    6                      3.059            14.705             0.291             7.585
B-tree    7                      3.138            16.630             0.290             7.597
B-tree    8                      2.968            16.213             0.323             6.770
B-tree    9                      3.487            15.362             0.306             7.448
B-tree    10                     2.888            14.999             0.297             7.890
B-tree    11                     3.095            16.704             0.299             7.617
B-tree    12                     3.610            16.559             0.468             6.960
B-tree    13                     3.400            16.094             0.351             7.603
B-tree    14                     2.942            16.130             0.337             7.408
B-tree    15                     2.948            16.126             0.381             7.760
B-tree    16                     3.373            20.762             0.382             8.866
B-tree    17                     3.331            19.215             0.319             8.115
B-tree    18                     3.795            18.197             0.302             9.258
B-tree    19                     3.146            15.858             0.287             7.726
B-tree    20                     2.991            15.219             0.480             8.060
B+-tree   1                      2.928            31.060             0.347             7.976
B+-tree   2                      3.281            35.205             0.316             9.733
B+-tree   3                      3.213            17.642             0.309             7.464
B+-tree   4                      2.900            18.935             0.305             7.755
B+-tree   5                      2.861            17.966             0.338             7.897
B+-tree   6                      2.939            19.523             0.286             7.100
B+-tree   7                      2.886            16.061             0.304             7.048
B+-tree   8                      2.875            14.221             0.276             7.052
B+-tree   9                      2.945            16.481             0.290             7.441
B+-tree   10                     3.276            15.090             0.328             6.634
B+-tree   11                     3.076            15.271             0.360             7.890
B+-tree   12                     2.911            15.478             0.320             7.125
B+-tree   13                     2.883            14.974             0.307             7.382
B+-tree   14                     3.019            15.910             0.280             7.221
B+-tree   15                     2.939            16.821             0.306             7.301
B+-tree   16                     2.956            16.344             0.323             6.974
B+-tree   17                     2.896            15.896             0.403             8.033
B+-tree   18                     2.858            15.733             0.305             7.222
B+-tree   19                     2.858            15.547             0.304             6.865
B+-tree   20                     4.187            16.114             0.316             7.618
B*-tree   1                      7.460            15.848             0.328             8.250
B*-tree   2                      6.579            14.895             0.295             6.465
B*-tree   3                      6.245            20.196             0.380             6.708
B*-tree   4                      7.178            16.594             0.300             6.725
B*-tree   5                      6.399            18.495             0.336             6.528
B*-tree   6                      6.334            17.672             0.336             6.358
B*-tree   7                      6.891            18.117             0.419             6.578
B*-tree   8                      6.273            15.226             0.332             6.353
B*-tree   9                      6.420            16.477             0.351             6.257
B*-tree   10                     6.975            14.887             0.317             7.239
B*-tree   11                     6.434            16.188             0.336             5.983
B*-tree   12                     7.148            14.802             0.293             7.106
B*-tree   13                     6.896            18.278             0.311             6.083
B*-tree   14                     7.892            16.246             0.323             6.063
B*-tree   15                     8.033            15.932             0.333             6.281
B*-tree   16                     6.507            17.032             0.327             6.057
B*-tree   17                     6.648            17.051             0.362             6.241
B*-tree   18                     6.363            16.702             0.312             6.139
B*-tree   19                     6.428            15.692             0.359             6.245
B*-tree   20                     7.474            15.296             0.394             6.277
Raw measurements written to ./result/reversed/raw_d512_reversed.csv
============= TIMING (median ± sd over 20 reps) =============
tree               insert ms         lookup ms          range ms          erase ms            height              fill
----------------------------------------------------------------------------------
B-tree         3.142 ± 0.37    16.178 ± 1.44     0.317 ± 0.05     7.610 ± 0.62                 1/1               0.5/0.638
B+-tree        2.934 ± 0.30    16.088 ± 5.38     0.308 ± 0.03     7.342 ± 0.66                 1/1             0.499/0.631
B*-tree        6.613 ± 0.54    16.361 ± 1.41     0.333 ± 0.03     6.317 ± 0.53                 1/1             0.666/0.638

============= INTEGRITY =============
tree         valid   periodic  survivors    deleted     ranges  verdict
------------------------------------------------------------------------------
B-tree         yes          0  50000/0/0  50000/0  125/0   PASS
B+-tree        yes          0  50000/0/0  50000/0  125/0   PASS
B*-tree        yes          0  50000/0/0  50000/0  125/0   PASS

Legend: survivors = (checked / missing / wrong-value); deleted = (checked / still-found); ranges = (run / mismatched)
periodic = number of check() failures during the erase phase
============= SPLIT/REDISTRIBUTES =============
tree                   SPLIT     REDISTRIBUTES
B-tree                   389                 0
B+-tree                  391                 0
B*-tree                  292              2328

Cross-check (all trees agree): OK
