Loading CSV: student.csv
  N=100000  lookups=100000  erases=50000  order=32 (effective t=16)
Reps: 10 measured + 2 warmup

Measuring (reps=10, warmup=2)
  B-tree... done.
  B+-tree... done.
  B*-tree... done.

============= TIMING RAW DATA =============
tree      rep                insert ms         lookup ms          range ms          erase ms
B-tree    1                     32.847            13.861             0.517            21.356
B-tree    2                     35.366            14.159             0.550            19.551
B-tree    3                     36.136            14.804             0.538            19.386
B-tree    4                     38.924            16.005             0.563            19.076
B-tree    5                     32.766            12.572             0.474            18.196
B-tree    6                     34.270            14.023             0.543            22.920
B-tree    7                     31.915            13.033             0.493            18.835
B-tree    8                     31.036            12.650             0.511            18.046
B-tree    9                     32.105            12.518             0.526            18.627
B-tree    10                    31.185            13.170             0.504            22.090
B+-tree   1                     33.074            16.965             0.430            18.904
B+-tree   2                     36.767            14.774             0.509            17.423
B+-tree   3                     34.122            13.609             0.435            17.037
B+-tree   4                     34.830            15.159             0.457            19.026
B+-tree   5                     34.530            13.795             0.480            19.111
B+-tree   6                     37.645            15.562             0.503            23.535
B+-tree   7                     37.999            13.557             0.478            18.529
B+-tree   8                     37.534            14.873             0.486            22.496
B+-tree   9                     38.659            15.281             0.502            41.298
B+-tree   10                    50.687            13.657             0.436            17.482
B*-tree   1                    116.485            15.629             0.593            22.131
B*-tree   2                     94.697            13.974             0.478            15.237
B*-tree   3                    108.140            13.935             0.470            16.211
B*-tree   4                     90.346            13.171             0.510            13.941
B*-tree   5                    101.088            22.470             0.568            17.311
B*-tree   6                    108.314            13.698             0.639            14.308
B*-tree   7                     93.639            15.607             0.539            16.934
B*-tree   8                    111.785            17.711             0.524            17.125
B*-tree   9                    106.563            13.638             0.551            15.892
B*-tree   10                   113.707            16.086             0.542            16.413
Raw measurements written to ./result/random/raw_d32_random.csv
============= TIMING (median ± sd over 10 reps) =============
tree               insert ms         lookup ms          range ms          erase ms            height              fill
----------------------------------------------------------------------------------
B-tree        32.806 ± 2.52    13.515 ± 1.12     0.521 ± 0.03    19.231 ± 1.70                 3/3             0.684/0.612
B+-tree       37.150 ± 4.98    14.823 ± 1.10     0.479 ± 0.03    18.965 ± 7.28                 3/3             0.695/0.595
B*-tree      107.352 ± 9.07    14.790 ± 2.80     0.540 ± 0.05    16.312 ± 2.27                 3/3              0.85/0.613

============= INTEGRITY =============
tree         valid   periodic  survivors    deleted     ranges  verdict
------------------------------------------------------------------------------
B-tree         yes          0  50000/0/0  50000/0  125/0   PASS
B+-tree        yes          0  50000/0/0  50000/0  125/0   PASS
B*-tree        yes          0  50000/0/0  50000/0  125/0   PASS

Legend: survivors = (checked / missing / wrong-value); deleted = (checked / still-found); ranges = (run / mismatched)
periodic = number of check() failures during the erase phase

Cross-check (all trees agree): OK
