Loading CSV: student.csv
  N=100000  lookups=100000  erases=50000  order=128 (effective t=64)
Reps: 10 measured + 2 warmup

Measuring (reps=10, warmup=2)
  B-tree... done.
  B+-tree... done.
  B*-tree... done.

============= TIMING RAW DATA =============
tree      rep                insert ms         lookup ms          range ms          erase ms
B-tree    1                     52.843            14.982             0.682            43.304
B-tree    2                     50.267            24.141             0.490            31.810
B-tree    3                     56.369            23.606             0.705            46.204
B-tree    4                     54.333            14.522             0.515            29.544
B-tree    5                     44.093            13.161             0.479            25.326
B-tree    6                     37.955            13.636             0.444            20.389
B-tree    7                     37.917            13.481             0.439            21.125
B-tree    8                     37.781            11.890             0.451            20.240
B-tree    9                     38.072            12.155             0.721            21.837
B-tree    10                    38.462            12.764             0.436            23.445
B+-tree   1                     39.651            11.743             0.409            21.286
B+-tree   2                     38.028            12.176             0.418            18.898
B+-tree   3                     37.765            12.306             0.396            19.030
B+-tree   4                     38.718            12.247             0.397            19.501
B+-tree   5                     40.484            13.910             0.457            20.243
B+-tree   6                     35.739            13.017             0.455            18.780
B+-tree   7                     43.226            13.483             0.456            19.431
B+-tree   8                     36.563            12.568             0.411            19.411
B+-tree   9                     38.111            13.431             0.461            19.940
B+-tree   10                    37.690            13.171             0.413            19.011
B*-tree   1                    142.561            13.180             0.474            18.309
B*-tree   2                    145.578            12.876             0.448            16.087
B*-tree   3                    147.341            13.961             0.463            17.977
B*-tree   4                    143.979            14.177             0.483            19.322
B*-tree   5                    140.273            14.533             0.488            18.125
B*-tree   6                    133.708            12.812             0.428            16.150
B*-tree   7                    145.622            13.441             0.419            16.830
B*-tree   8                    150.399            12.981             0.437            16.327
B*-tree   9                    131.857            14.123             0.457            17.824
B*-tree   10                   142.779            13.722             0.460            16.225
Raw measurements written to ./result/random/raw_d128_random.csv
============= TIMING (median ± sd over 10 reps) =============
tree               insert ms         lookup ms          range ms          erase ms            height              fill
----------------------------------------------------------------------------------
B-tree        41.277 ± 7.81    13.558 ± 4.55     0.484 ± 0.12    24.385 ± 9.50                 2/2             0.683/0.645
B+-tree       38.069 ± 2.12    12.792 ± 0.70     0.415 ± 0.03    19.421 ± 0.76                 2/2             0.694/0.622
B*-tree      143.379 ± 5.80    13.581 ± 0.61     0.458 ± 0.02    17.327 ± 1.14                 2/2             0.872/0.66

============= INTEGRITY =============
tree         valid   periodic  survivors    deleted     ranges  verdict
------------------------------------------------------------------------------
B-tree         yes          0  50000/0/0  50000/0  125/0   PASS
B+-tree        yes          0  50000/0/0  50000/0  125/0   PASS
B*-tree        yes          0  50000/0/0  50000/0  125/0   PASS

Legend: survivors = (checked / missing / wrong-value); deleted = (checked / still-found); ranges = (run / mismatched)
periodic = number of check() failures during the erase phase

Cross-check (all trees agree): OK
